[1m[0mINFO[0m[1m[23m[24m[27m[28m[29m[39m[49m[0m[0m[1m[23m[24m[27m[28m[29m[39m[49m[22m [[3m2025-01-03 01:11:17[23m] [38;5;246mAttempting to sign in user with email: info@btgphysicaltherapy.com[39m[0m[0m[22m[23m[24m[27m[28m[29m[39m[49m
[1m[0mINFO[0m[1m[23m[24m[27m[28m[29m[39m[49m[0m[0m[1m[23m[24m[27m[28m[29m[39m[49m[22m [[3m2025-01-03 01:11:17[23m] [38;5;246mUser signed in successfully: info@btgphysicaltherapy.com[39m[0m[0m[22m[23m[24m[27m[28m[29m[39m[49m
[1m[0mINFO[0m[1m[23m[24m[27m[28m[29m[39m[49m[0m[0m[1m[23m[24m[27m[28m[29m[39m[49m[22m [[3m2025-01-03 01:16:28[23m] [38;5;246mAttempting to sign in user with email: ghouse.performance@gmail.com[39m[0m[0m[22m[23m[24m[27m[28m[29m[39m[49m
[1m[0mINFO[0m[1m[23m[24m[27m[28m[29m[39m[49m[0m[0m[1m[23m[24m[27m[28m[29m[39m[49m[22m [[3m2025-01-03 01:16:28[23m] [38;5;246mUser signed in successfully: ghouse.performance@gmail.com[39m[0m[0m[22m[23m[24m[27m[28m[29m[39m[49m
[1m[0mINFO[0m[1m[23m[24m[27m[28m[29m[39m[49m[0m[0m[1m[23m[24m[27m[28m[29m[39m[49m[22m [[3m2025-01-03 01:17:19[23m] [38;5;246mAttempting to sign in user with email: info@btgphysicaltherapy.com[39m[0m[0m[22m[23m[24m[27m[28m[29m[39m[49m
[1m[0mINFO[0m[1m[23m[24m[27m[28m[29m[39m[49m[0m[0m[1m[23m[24m[27m[28m[29m[39m[49m[22m [[3m2025-01-03 01:17:19[23m] [38;5;246mUser signed in successfully: info@btgphysicaltherapy.com[39m[0m[0m[22m[23m[24m[27m[28m[29m[39m[49m
[1m[1m[38;5;34mSUCCESS[39m[1m[0m[0m[1m[23m[24m[27m[28m[29m[39m[49m[22m [[3m2025-01-03 01:17:28[23m] [38;5;248mhawkinR/get_access -> Your access token was recieved and stored for use by other hawkinR functions. Your token will expire at 2025-01-03 02:17:29[39m[0m[0m[22m[23m[24m[27m[28m[29m[39m[49m
[1m[1m[38;5;34mSUCCESS[39m[1m[0m[0m[1m[23m[24m[27m[28m[29m[39m[49m[22m [[3m2025-01-03 01:17:31[23m] [38;5;248mhawkinR/get_athletes -> 738 athletes returned[39m[0m[0m[22m[23m[24m[27m[28m[29m[39m[49m
[1m[0mINFO[0m[1m[23m[24m[27m[28m[29m[39m[49m[0m[0m[1m[23m[24m[27m[28m[29m[39m[49m[22m [[3m2025-01-03 01:19:28[23m] [38;5;246mAttempting to sign in user with email: info@btgphysicaltherapy.com[39m[0m[0m[22m[23m[24m[27m[28m[29m[39m[49m
[1m[0mINFO[0m[1m[23m[24m[27m[28m[29m[39m[49m[0m[0m[1m[23m[24m[27m[28m[29m[39m[49m[22m [[3m2025-01-03 01:19:28[23m] [38;5;246mUser signed in successfully: info@btgphysicaltherapy.com[39m[0m[0m[22m[23m[24m[27m[28m[29m[39m[49m
[1m[1m[38;5;34mSUCCESS[39m[1m[0m[0m[1m[23m[24m[27m[28m[29m[39m[49m[22m [[3m2025-01-03 01:19:36[23m] [38;5;248mhawkinR/get_access -> Your access token was recieved and stored for use by other hawkinR functions. Your token will expire at 2025-01-03 02:19:36[39m[0m[0m[22m[23m[24m[27m[28m[29m[39m[49m
[1m[0mINFO[0m[1m[23m[24m[27m[28m[29m[39m[49m[0m[0m[1m[23m[24m[27m[28m[29m[39m[49m[22m [[3m2025-01-03 01:20:44[23m] [38;5;246mAttempting to sign in user with email: info@btgphysicaltherapy.com[39m[0m[0m[22m[23m[24m[27m[28m[29m[39m[49m
[1m[0mINFO[0m[1m[23m[24m[27m[28m[29m[39m[49m[0m[0m[1m[23m[24m[27m[28m[29m[39m[49m[22m [[3m2025-01-03 01:20:44[23m] [38;5;246mUser signed in successfully: info@btgphysicaltherapy.com[39m[0m[0m[22m[23m[24m[27m[28m[29m[39m[49m
[1m[1m[38;5;34mSUCCESS[39m[1m[0m[0m[1m[23m[24m[27m[28m[29m[39m[49m[22m [[3m2025-01-03 01:20:53[23m] [38;5;248mhawkinR/get_access -> Your access token was recieved and stored for use by other hawkinR functions. Your token will expire at 2025-01-03 02:20:53[39m[0m[0m[22m[23m[24m[27m[28m[29m[39m[49m
[1m[38;5;214mWARN[39m[0m[0m[1m[23m[24m[27m[28m[29m[39m[49m[22m [[3m2025-01-03 01:20:54[23m] [38;5;251mhawkinR/get_tests -> Error: No tests returned meeting those query parameters[39m[0m[0m[22m[23m[24m[27m[28m[29m[39m[49m
[1m[0mINFO[0m[1m[23m[24m[27m[28m[29m[39m[49m[0m[0m[1m[23m[24m[27m[28m[29m[39m[49m[22m [[3m2025-01-03 01:22:33[23m] [38;5;246mAttempting to sign in user with email: info@btgphysicaltherapy.com[39m[0m[0m[22m[23m[24m[27m[28m[29m[39m[49m
[1m[0mINFO[0m[1m[23m[24m[27m[28m[29m[39m[49m[0m[0m[1m[23m[24m[27m[28m[29m[39m[49m[22m [[3m2025-01-03 01:22:33[23m] [38;5;246mUser signed in successfully: info@btgphysicaltherapy.com[39m[0m[0m[22m[23m[24m[27m[28m[29m[39m[49m
[1m[1m[38;5;34mSUCCESS[39m[1m[0m[0m[1m[23m[24m[27m[28m[29m[39m[49m[22m [[3m2025-01-03 01:22:41[23m] [38;5;248mhawkinR/get_access -> Your access token was recieved and stored for use by other hawkinR functions. Your token will expire at 2025-01-03 02:22:41[39m[0m[0m[22m[23m[24m[27m[28m[29m[39m[49m
[1m[38;5;214mWARN[39m[0m[0m[1m[23m[24m[27m[28m[29m[39m[49m[22m [[3m2025-01-03 01:22:42[23m] [38;5;251mhawkinR/get_tests -> Error: No tests returned meeting those query parameters[39m[0m[0m[22m[23m[24m[27m[28m[29m[39m[49m
[1m[0mINFO[0m[1m[23m[24m[27m[28m[29m[39m[49m[0m[0m[1m[23m[24m[27m[28m[29m[39m[49m[22m [[3m2025-01-03 01:27:03[23m] [38;5;246mAttempting to sign in user with email: info@btgphysicaltherapy.com[39m[0m[0m[22m[23m[24m[27m[28m[29m[39m[49m
[1m[0mINFO[0m[1m[23m[24m[27m[28m[29m[39m[49m[0m[0m[1m[23m[24m[27m[28m[29m[39m[49m[22m [[3m2025-01-03 01:27:03[23m] [38;5;246mUser signed in successfully: info@btgphysicaltherapy.com[39m[0m[0m[22m[23m[24m[27m[28m[29m[39m[49m
[1m[1m[38;5;34mSUCCESS[39m[1m[0m[0m[1m[23m[24m[27m[28m[29m[39m[49m[22m [[3m2025-01-03 01:27:12[23m] [38;5;248mhawkinR/get_access -> Your access token was recieved and stored for use by other hawkinR functions. Your token will expire at 2025-01-03 02:27:12[39m[0m[0m[22m[23m[24m[27m[28m[29m[39m[49m
[1m[38;5;214mWARN[39m[0m[0m[1m[23m[24m[27m[28m[29m[39m[49m[22m [[3m2025-01-03 01:27:12[23m] [38;5;251mhawkinR/get_tests -> Error: No tests returned meeting those query parameters[39m[0m[0m[22m[23m[24m[27m[28m[29m[39m[49m
[1m[0mINFO[0m[1m[23m[24m[27m[28m[29m[39m[49m[0m[0m[1m[23m[24m[27m[28m[29m[39m[49m[22m [[3m2025-01-03 01:36:59[23m] [38;5;246mAttempting to sign in user with email: info@btgphysicaltherapy.com[39m[0m[0m[22m[23m[24m[27m[28m[29m[39m[49m
[1m[0mINFO[0m[1m[23m[24m[27m[28m[29m[39m[49m[0m[0m[1m[23m[24m[27m[28m[29m[39m[49m[22m [[3m2025-01-03 01:37:00[23m] [38;5;246mUser signed in successfully: info@btgphysicaltherapy.com[39m[0m[0m[22m[23m[24m[27m[28m[29m[39m[49m
[1m[1m[38;5;34mSUCCESS[39m[1m[0m[0m[1m[23m[24m[27m[28m[29m[39m[49m[22m [[3m2025-01-03 01:37:09[23m] [38;5;248mhawkinR/get_access -> Your access token was recieved and stored for use by other hawkinR functions. Your token will expire at 2025-01-03 02:37:09[39m[0m[0m[22m[23m[24m[27m[28m[29m[39m[49m
[1m[38;5;214mWARN[39m[0m[0m[1m[23m[24m[27m[28m[29m[39m[49m[22m [[3m2025-01-03 01:37:12[23m] [38;5;251mhawkinR/get_tests -> Error: No tests returned meeting those query parameters[39m[0m[0m[22m[23m[24m[27m[28m[29m[39m[49m
[1m[0mINFO[0m[1m[23m[24m[27m[28m[29m[39m[49m[0m[0m[1m[23m[24m[27m[28m[29m[39m[49m[22m [[3m2025-01-03 01:37:57[23m] [38;5;246mAttempting to sign in user with email: info@btgphysicaltherapy.com[39m[0m[0m[22m[23m[24m[27m[28m[29m[39m[49m
[1m[0mINFO[0m[1m[23m[24m[27m[28m[29m[39m[49m[0m[0m[1m[23m[24m[27m[28m[29m[39m[49m[22m [[3m2025-01-03 01:37:57[23m] [38;5;246mUser signed in successfully: info@btgphysicaltherapy.com[39m[0m[0m[22m[23m[24m[27m[28m[29m[39m[49m
[1m[1m[38;5;34mSUCCESS[39m[1m[0m[0m[1m[23m[24m[27m[28m[29m[39m[49m[22m [[3m2025-01-03 01:38:06[23m] [38;5;248mhawkinR/get_access -> Your access token was recieved and stored for use by other hawkinR functions. Your token will expire at 2025-01-03 02:38:06[39m[0m[0m[22m[23m[24m[27m[28m[29m[39m[49m
[1m[38;5;214mWARN[39m[0m[0m[1m[23m[24m[27m[28m[29m[39m[49m[22m [[3m2025-01-03 01:38:08[23m] [38;5;251mhawkinR/get_tests -> Error: No tests returned meeting those query parameters[39m[0m[0m[22m[23m[24m[27m[28m[29m[39m[49m
[1m[0mINFO[0m[1m[23m[24m[27m[28m[29m[39m[49m[0m[0m[1m[23m[24m[27m[28m[29m[39m[49m[22m [[3m2025-01-03 01:43:40[23m] [38;5;246mAttempting to sign in user with email: info@btgphysicaltherapy.com[39m[0m[0m[22m[23m[24m[27m[28m[29m[39m[49m
[1m[0mINFO[0m[1m[23m[24m[27m[28m[29m[39m[49m[0m[0m[1m[23m[24m[27m[28m[29m[39m[49m[22m [[3m2025-01-03 01:43:41[23m] [38;5;246mUser signed in successfully: info@btgphysicaltherapy.com[39m[0m[0m[22m[23m[24m[27m[28m[29m[39m[49m
[1m[1m[38;5;34mSUCCESS[39m[1m[0m[0m[1m[23m[24m[27m[28m[29m[39m[49m[22m [[3m2025-01-03 01:43:50[23m] [38;5;248mhawkinR/get_access -> Your access token was recieved and stored for use by other hawkinR functions. Your token will expire at 2025-01-03 02:43:50[39m[0m[0m[22m[23m[24m[27m[28m[29m[39m[49m
[1m[38;5;214mWARN[39m[0m[0m[1m[23m[24m[27m[28m[29m[39m[49m[22m [[3m2025-01-03 01:43:52[23m] [38;5;251mhawkinR/get_tests -> Error: No tests returned meeting those query parameters[39m[0m[0m[22m[23m[24m[27m[28m[29m[39m[49m
[1m[0mINFO[0m[1m[23m[24m[27m[28m[29m[39m[49m[0m[0m[1m[23m[24m[27m[28m[29m[39m[49m[22m [[3m2025-01-03 01:48:22[23m] [38;5;246mAttempting to sign in user with email: info@btgphysicaltherapy.com[39m[0m[0m[22m[23m[24m[27m[28m[29m[39m[49m
[1m[0mINFO[0m[1m[23m[24m[27m[28m[29m[39m[49m[0m[0m[1m[23m[24m[27m[28m[29m[39m[49m[22m [[3m2025-01-03 01:48:22[23m] [38;5;246mUser signed in successfully: info@btgphysicaltherapy.com[39m[0m[0m[22m[23m[24m[27m[28m[29m[39m[49m
[1m[1m[38;5;34mSUCCESS[39m[1m[0m[0m[1m[23m[24m[27m[28m[29m[39m[49m[22m [[3m2025-01-03 01:48:31[23m] [38;5;248mhawkinR/get_access -> Your access token was recieved and stored for use by other hawkinR functions. Your token will expire at 2025-01-03 02:48:32[39m[0m[0m[22m[23m[24m[27m[28m[29m[39m[49m
[1m[38;5;214mWARN[39m[0m[0m[1m[23m[24m[27m[28m[29m[39m[49m[22m [[3m2025-01-03 01:48:32[23m] [38;5;251mhawkinR/get_tests -> Error: No tests returned meeting those query parameters[39m[0m[0m[22m[23m[24m[27m[28m[29m[39m[49m
[1m[0mINFO[0m[1m[23m[24m[27m[28m[29m[39m[49m[0m[0m[1m[23m[24m[27m[28m[29m[39m[49m[22m [[3m2025-01-03 01:49:12[23m] [38;5;246mAttempting to sign in user with email: info@btgphysicaltherapy.com[39m[0m[0m[22m[23m[24m[27m[28m[29m[39m[49m
[1m[0mINFO[0m[1m[23m[24m[27m[28m[29m[39m[49m[0m[0m[1m[23m[24m[27m[28m[29m[39m[49m[22m [[3m2025-01-03 01:49:12[23m] [38;5;246mUser signed in successfully: info@btgphysicaltherapy.com[39m[0m[0m[22m[23m[24m[27m[28m[29m[39m[49m
[1m[1m[38;5;34mSUCCESS[39m[1m[0m[0m[1m[23m[24m[27m[28m[29m[39m[49m[22m [[3m2025-01-03 01:49:21[23m] [38;5;248mhawkinR/get_access -> Your access token was recieved and stored for use by other hawkinR functions. Your token will expire at 2025-01-03 02:49:22[39m[0m[0m[22m[23m[24m[27m[28m[29m[39m[49m
[1m[38;5;214mWARN[39m[0m[0m[1m[23m[24m[27m[28m[29m[39m[49m[22m [[3m2025-01-03 01:49:23[23m] [38;5;251mhawkinR/get_tests -> Error: No tests returned meeting those query parameters[39m[0m[0m[22m[23m[24m[27m[28m[29m[39m[49m
[1m[0mINFO[0m[1m[23m[24m[27m[28m[29m[39m[49m[0m[0m[1m[23m[24m[27m[28m[29m[39m[49m[22m [[3m2025-01-03 02:11:32[23m] [38;5;246mAttempting to sign in user with email: info@btgphysicaltherapy.com[39m[0m[0m[22m[23m[24m[27m[28m[29m[39m[49m
[1m[0mINFO[0m[1m[23m[24m[27m[28m[29m[39m[49m[0m[0m[1m[23m[24m[27m[28m[29m[39m[49m[22m [[3m2025-01-03 02:11:32[23m] [38;5;246mUser signed in successfully: info@btgphysicaltherapy.com[39m[0m[0m[22m[23m[24m[27m[28m[29m[39m[49m
[1m[1m[38;5;34mSUCCESS[39m[1m[0m[0m[1m[23m[24m[27m[28m[29m[39m[49m[22m [[3m2025-01-03 02:11:41[23m] [38;5;248mhawkinR/get_access -> Your access token was recieved and stored for use by other hawkinR functions. Your token will expire at 2025-01-03 03:11:41[39m[0m[0m[22m[23m[24m[27m[28m[29m[39m[49m
[1m[38;5;214mWARN[39m[0m[0m[1m[23m[24m[27m[28m[29m[39m[49m[22m [[3m2025-01-03 02:11:41[23m] [38;5;251mhawkinR/get_tests -> Error: No tests returned meeting those query parameters[39m[0m[0m[22m[23m[24m[27m[28m[29m[39m[49m
[1m[0mINFO[0m[1m[23m[24m[27m[28m[29m[39m[49m[0m[0m[1m[23m[24m[27m[28m[29m[39m[49m[22m [[3m2025-01-03 02:13:05[23m] [38;5;246mAttempting to sign in user with email: info@btgphysicaltherapy.com[39m[0m[0m[22m[23m[24m[27m[28m[29m[39m[49m
[1m[0mINFO[0m[1m[23m[24m[27m[28m[29m[39m[49m[0m[0m[1m[23m[24m[27m[28m[29m[39m[49m[22m [[3m2025-01-03 02:13:06[23m] [38;5;246mUser signed in successfully: info@btgphysicaltherapy.com[39m[0m[0m[22m[23m[24m[27m[28m[29m[39m[49m
[1m[1m[38;5;34mSUCCESS[39m[1m[0m[0m[1m[23m[24m[27m[28m[29m[39m[49m[22m [[3m2025-01-03 02:13:16[23m] [38;5;248mhawkinR/get_access -> Your access token was recieved and stored for use by other hawkinR functions. Your token will expire at 2025-01-03 03:13:16[39m[0m[0m[22m[23m[24m[27m[28m[29m[39m[49m
[1m[38;5;214mWARN[39m[0m[0m[1m[23m[24m[27m[28m[29m[39m[49m[22m [[3m2025-01-03 02:13:17[23m] [38;5;251mhawkinR/get_tests -> Error: No tests returned meeting those query parameters[39m[0m[0m[22m[23m[24m[27m[28m[29m[39m[49m
[1m[0mINFO[0m[1m[23m[24m[27m[28m[29m[39m[49m[0m[0m[1m[23m[24m[27m[28m[29m[39m[49m[22m [[3m2025-01-03 02:14:56[23m] [38;5;246mAttempting to sign in user with email: info@btgphysicaltherapy.com[39m[0m[0m[22m[23m[24m[27m[28m[29m[39m[49m
[1m[0mINFO[0m[1m[23m[24m[27m[28m[29m[39m[49m[0m[0m[1m[23m[24m[27m[28m[29m[39m[49m[22m [[3m2025-01-03 02:14:57[23m] [38;5;246mUser signed in successfully: info@btgphysicaltherapy.com[39m[0m[0m[22m[23m[24m[27m[28m[29m[39m[49m
[1m[1m[38;5;34mSUCCESS[39m[1m[0m[0m[1m[23m[24m[27m[28m[29m[39m[49m[22m [[3m2025-01-03 02:15:05[23m] [38;5;248mhawkinR/get_access -> Your access token was recieved and stored for use by other hawkinR functions. Your token will expire at 2025-01-03 03:15:05[39m[0m[0m[22m[23m[24m[27m[28m[29m[39m[49m
[1m[38;5;214mWARN[39m[0m[0m[1m[23m[24m[27m[28m[29m[39m[49m[22m [[3m2025-01-03 02:15:06[23m] [38;5;251mhawkinR/get_tests -> Error: No tests returned meeting those query parameters[39m[0m[0m[22m[23m[24m[27m[28m[29m[39m[49m
[1m[0mINFO[0m[1m[23m[24m[27m[28m[29m[39m[49m[0m[0m[1m[23m[24m[27m[28m[29m[39m[49m[22m [[3m2025-01-03 02:17:28[23m] [38;5;246mAttempting to sign in user with email: info@btgphysicaltherapy.com[39m[0m[0m[22m[23m[24m[27m[28m[29m[39m[49m
[1m[0mINFO[0m[1m[23m[24m[27m[28m[29m[39m[49m[0m[0m[1m[23m[24m[27m[28m[29m[39m[49m[22m [[3m2025-01-03 02:17:29[23m] [38;5;246mUser signed in successfully: info@btgphysicaltherapy.com[39m[0m[0m[22m[23m[24m[27m[28m[29m[39m[49m
[1m[1m[38;5;34mSUCCESS[39m[1m[0m[0m[1m[23m[24m[27m[28m[29m[39m[49m[22m [[3m2025-01-03 02:17:36[23m] [38;5;248mhawkinR/get_access -> Your access token was recieved and stored for use by other hawkinR functions. Your token will expire at 2025-01-03 03:17:37[39m[0m[0m[22m[23m[24m[27m[28m[29m[39m[49m
[1m[38;5;214mWARN[39m[0m[0m[1m[23m[24m[27m[28m[29m[39m[49m[22m [[3m2025-01-03 02:17:37[23m] [38;5;251mhawkinR/get_tests -> Error: No tests returned meeting those query parameters[39m[0m[0m[22m[23m[24m[27m[28m[29m[39m[49m
[1m[0mINFO[0m[1m[23m[24m[27m[28m[29m[39m[49m[0m[0m[1m[23m[24m[27m[28m[29m[39m[49m[22m [[3m2025-01-03 02:20:53[23m] [38;5;246mAttempting to sign in user with email: info@btgphysicaltherapy.com[39m[0m[0m[22m[23m[24m[27m[28m[29m[39m[49m
[1m[0mINFO[0m[1m[23m[24m[27m[28m[29m[39m[49m[0m[0m[1m[23m[24m[27m[28m[29m[39m[49m[22m [[3m2025-01-03 02:20:53[23m] [38;5;246mUser signed in successfully: info@btgphysicaltherapy.com[39m[0m[0m[22m[23m[24m[27m[28m[29m[39m[49m
[1m[1m[38;5;34mSUCCESS[39m[1m[0m[0m[1m[23m[24m[27m[28m[29m[39m[49m[22m [[3m2025-01-03 02:21:04[23m] [38;5;248mhawkinR/get_access -> Your access token was recieved and stored for use by other hawkinR functions. Your token will expire at 2025-01-03 03:21:04[39m[0m[0m[22m[23m[24m[27m[28m[29m[39m[49m
[1m[38;5;214mWARN[39m[0m[0m[1m[23m[24m[27m[28m[29m[39m[49m[22m [[3m2025-01-03 02:21:04[23m] [38;5;251mhawkinR/get_tests -> Error: No tests returned meeting those query parameters[39m[0m[0m[22m[23m[24m[27m[28m[29m[39m[49m
[1m[0mINFO[0m[1m[23m[24m[27m[28m[29m[39m[49m[0m[0m[1m[23m[24m[27m[28m[29m[39m[49m[22m [[3m2025-01-03 02:24:53[23m] [38;5;246mAttempting to sign in user with email: info@btgphysicaltherapy.com[39m[0m[0m[22m[23m[24m[27m[28m[29m[39m[49m
[1m[0mINFO[0m[1m[23m[24m[27m[28m[29m[39m[49m[0m[0m[1m[23m[24m[27m[28m[29m[39m[49m[22m [[3m2025-01-03 02:24:53[23m] [38;5;246mUser signed in successfully: info@btgphysicaltherapy.com[39m[0m[0m[22m[23m[24m[27m[28m[29m[39m[49m
[1m[1m[38;5;34mSUCCESS[39m[1m[0m[0m[1m[23m[24m[27m[28m[29m[39m[49m[22m [[3m2025-01-03 02:25:02[23m] [38;5;248mhawkinR/get_access -> Your access token was recieved and stored for use by other hawkinR functions. Your token will expire at 2025-01-03 03:25:02[39m[0m[0m[22m[23m[24m[27m[28m[29m[39m[49m
[1m[38;5;214mWARN[39m[0m[0m[1m[23m[24m[27m[28m[29m[39m[49m[22m [[3m2025-01-03 02:25:03[23m] [38;5;251mhawkinR/get_tests -> Error: No tests returned meeting those query parameters[39m[0m[0m[22m[23m[24m[27m[28m[29m[39m[49m
[1m[0mINFO[0m[1m[23m[24m[27m[28m[29m[39m[49m[0m[0m[1m[23m[24m[27m[28m[29m[39m[49m[22m [[3m2025-01-03 02:27:53[23m] [38;5;246mAttempting to sign in user with email: info@btgphysicaltherapy.com[39m[0m[0m[22m[23m[24m[27m[28m[29m[39m[49m
[1m[0mINFO[0m[1m[23m[24m[27m[28m[29m[39m[49m[0m[0m[1m[23m[24m[27m[28m[29m[39m[49m[22m [[3m2025-01-03 02:27:53[23m] [38;5;246mUser signed in successfully: info@btgphysicaltherapy.com[39m[0m[0m[22m[23m[24m[27m[28m[29m[39m[49m
[1m[1m[38;5;34mSUCCESS[39m[1m[0m[0m[1m[23m[24m[27m[28m[29m[39m[49m[22m [[3m2025-01-03 02:28:04[23m] [38;5;248mhawkinR/get_access -> Your access token was recieved and stored for use by other hawkinR functions. Your token will expire at 2025-01-03 03:28:04[39m[0m[0m[22m[23m[24m[27m[28m[29m[39m[49m
[1m[38;5;214mWARN[39m[0m[0m[1m[23m[24m[27m[28m[29m[39m[49m[22m [[3m2025-01-03 02:28:04[23m] [38;5;251mhawkinR/get_tests -> Error: No tests returned meeting those query parameters[39m[0m[0m[22m[23m[24m[27m[28m[29m[39m[49m
[1m[0mINFO[0m[1m[23m[24m[27m[28m[29m[39m[49m[0m[0m[1m[23m[24m[27m[28m[29m[39m[49m[22m [[3m2025-01-03 02:51:20[23m] [38;5;246mAttempting to sign in user with email: info@btgphysicaltherapy.com[39m[0m[0m[22m[23m[24m[27m[28m[29m[39m[49m
[1m[0mINFO[0m[1m[23m[24m[27m[28m[29m[39m[49m[0m[0m[1m[23m[24m[27m[28m[29m[39m[49m[22m [[3m2025-01-03 02:51:20[23m] [38;5;246mUser signed in successfully: info@btgphysicaltherapy.com[39m[0m[0m[22m[23m[24m[27m[28m[29m[39m[49m
[1m[1m[38;5;34mSUCCESS[39m[1m[0m[0m[1m[23m[24m[27m[28m[29m[39m[49m[22m [[3m2025-01-03 02:51:30[23m] [38;5;248mhawkinR/get_access -> Your access token was recieved and stored for use by other hawkinR functions. Your token will expire at 2025-01-03 03:51:30[39m[0m[0m[22m[23m[24m[27m[28m[29m[39m[49m
[1m[0mINFO[0m[1m[23m[24m[27m[28m[29m[39m[49m[0m[0m[1m[23m[24m[27m[28m[29m[39m[49m[22m [[3m2025-01-03 02:52:36[23m] [38;5;246mAttempting to sign in user with email: info@btgphysicaltherapy.com[39m[0m[0m[22m[23m[24m[27m[28m[29m[39m[49m
[1m[0mINFO[0m[1m[23m[24m[27m[28m[29m[39m[49m[0m[0m[1m[23m[24m[27m[28m[29m[39m[49m[22m [[3m2025-01-03 02:52:37[23m] [38;5;246mUser signed in successfully: info@btgphysicaltherapy.com[39m[0m[0m[22m[23m[24m[27m[28m[29m[39m[49m
[1m[1m[38;5;34mSUCCESS[39m[1m[0m[0m[1m[23m[24m[27m[28m[29m[39m[49m[22m [[3m2025-01-03 02:52:45[23m] [38;5;248mhawkinR/get_access -> Your access token was recieved and stored for use by other hawkinR functions. Your token will expire at 2025-01-03 03:52:45[39m[0m[0m[22m[23m[24m[27m[28m[29m[39m[49m
[1m[1m[38;5;34mSUCCESS[39m[1m[0m[0m[1m[23m[24m[27m[28m[29m[39m[49m[22m [[3m2025-01-03 02:52:47[23m] [38;5;248mhawkinR/get_tests -> 29 active tests returned. Last tested: 2025-01-02 11:18:32 | Last Synced: 2025-01-02 11:18:49[39m[0m[0m[22m[23m[24m[27m[28m[29m[39m[49m
[1m[1m[38;5;34mSUCCESS[39m[1m[0m[0m[1m[23m[24m[27m[28m[29m[39m[49m[22m [[3m2025-01-03 03:00:14[23m] [38;5;248mhawkinR/get_tests -> 29 active tests returned. Last tested: 2025-01-02 11:18:32 | Last Synced: 2025-01-02 11:18:49[39m[0m[0m[22m[23m[24m[27m[28m[29m[39m[49m
[1m[0mINFO[0m[1m[23m[24m[27m[28m[29m[39m[49m[0m[0m[1m[23m[24m[27m[28m[29m[39m[49m[22m [[3m2025-01-03 03:05:07[23m] [38;5;246mAttempting to sign in user with email: info@btgphysicaltherapy.com[39m[0m[0m[22m[23m[24m[27m[28m[29m[39m[49m
[1m[0mINFO[0m[1m[23m[24m[27m[28m[29m[39m[49m[0m[0m[1m[23m[24m[27m[28m[29m[39m[49m[22m [[3m2025-01-03 03:05:07[23m] [38;5;246mUser signed in successfully: info@btgphysicaltherapy.com[39m[0m[0m[22m[23m[24m[27m[28m[29m[39m[49m
[1m[1m[38;5;34mSUCCESS[39m[1m[0m[0m[1m[23m[24m[27m[28m[29m[39m[49m[22m [[3m2025-01-03 03:05:15[23m] [38;5;248mhawkinR/get_access -> Your access token was recieved and stored for use by other hawkinR functions. Your token will expire at 2025-01-03 04:05:16[39m[0m[0m[22m[23m[24m[27m[28m[29m[39m[49m
[1m[1m[38;5;34mSUCCESS[39m[1m[0m[0m[1m[23m[24m[27m[28m[29m[39m[49m[22m [[3m2025-01-03 03:05:17[23m] [38;5;248mhawkinR/get_tests -> 29 active tests returned. Last tested: 2025-01-02 11:18:32 | Last Synced: 2025-01-02 11:18:49[39m[0m[0m[22m[23m[24m[27m[28m[29m[39m[49m
[1m[0mINFO[0m[1m[23m[24m[27m[28m[29m[39m[49m[0m[0m[1m[23m[24m[27m[28m[29m[39m[49m[22m [[3m2025-01-03 22:07:05[23m] [38;5;246mAttempting to sign in user with email: info@btgphysicaltherapy.com[39m[0m[0m[22m[23m[24m[27m[28m[29m[39m[49m
[1m[0mINFO[0m[1m[23m[24m[27m[28m[29m[39m[49m[0m[0m[1m[23m[24m[27m[28m[29m[39m[49m[22m [[3m2025-01-03 22:07:06[23m] [38;5;246mUser signed in successfully: info@btgphysicaltherapy.com[39m[0m[0m[22m[23m[24m[27m[28m[29m[39m[49m
[1m[0mINFO[0m[1m[23m[24m[27m[28m[29m[39m[49m[0m[0m[1m[23m[24m[27m[28m[29m[39m[49m[22m [[3m2025-01-03 22:11:54[23m] [38;5;246mAttempting to sign in user with email: info@btgphysicaltherapy.com[39m[0m[0m[22m[23m[24m[27m[28m[29m[39m[49m
[1m[0mINFO[0m[1m[23m[24m[27m[28m[29m[39m[49m[0m[0m[1m[23m[24m[27m[28m[29m[39m[49m[22m [[3m2025-01-03 22:11:54[23m] [38;5;246mUser signed in successfully: info@btgphysicaltherapy.com[39m[0m[0m[22m[23m[24m[27m[28m[29m[39m[49m
[1m[0mINFO[0m[1m[23m[24m[27m[28m[29m[39m[49m[0m[0m[1m[23m[24m[27m[28m[29m[39m[49m[22m [[3m2025-01-03 22:13:03[23m] [38;5;246mAttempting to sign in user with email: info@btgphysicaltherapy.com[39m[0m[0m[22m[23m[24m[27m[28m[29m[39m[49m
[1m[0mINFO[0m[1m[23m[24m[27m[28m[29m[39m[49m[0m[0m[1m[23m[24m[27m[28m[29m[39m[49m[22m [[3m2025-01-03 22:13:04[23m] [38;5;246mUser signed in successfully: info@btgphysicaltherapy.com[39m[0m[0m[22m[23m[24m[27m[28m[29m[39m[49m
[1m[0mINFO[0m[1m[23m[24m[27m[28m[29m[39m[49m[0m[0m[1m[23m[24m[27m[28m[29m[39m[49m[22m [[3m2025-01-03 22:20:13[23m] [38;5;246mAttempting to sign in user with email: info@btgphysicaltherapy.com[39m[0m[0m[22m[23m[24m[27m[28m[29m[39m[49m
[1m[0mINFO[0m[1m[23m[24m[27m[28m[29m[39m[49m[0m[0m[1m[23m[24m[27m[28m[29m[39m[49m[22m [[3m2025-01-03 22:20:13[23m] [38;5;246mUser signed in successfully: info@btgphysicaltherapy.com[39m[0m[0m[22m[23m[24m[27m[28m[29m[39m[49m
[1m[0mINFO[0m[1m[23m[24m[27m[28m[29m[39m[49m[0m[0m[1m[23m[24m[27m[28m[29m[39m[49m[22m [[3m2025-01-03 22:23:04[23m] [38;5;246mAttempting to sign in user with email: info@btgphysicaltherapy.com[39m[0m[0m[22m[23m[24m[27m[28m[29m[39m[49m
[1m[0mINFO[0m[1m[23m[24m[27m[28m[29m[39m[49m[0m[0m[1m[23m[24m[27m[28m[29m[39m[49m[22m [[3m2025-01-03 22:23:05[23m] [38;5;246mUser signed in successfully: info@btgphysicaltherapy.com[39m[0m[0m[22m[23m[24m[27m[28m[29m[39m[49m
[1m[0mINFO[0m[1m[23m[24m[27m[28m[29m[39m[49m[0m[0m[1m[23m[24m[27m[28m[29m[39m[49m[22m [[3m2025-01-03 22:26:51[23m] [38;5;246mAttempting to sign in user with email: info@btgphysicaltherapy.com[39m[0m[0m[22m[23m[24m[27m[28m[29m[39m[49m
[1m[0mINFO[0m[1m[23m[24m[27m[28m[29m[39m[49m[0m[0m[1m[23m[24m[27m[28m[29m[39m[49m[22m [[3m2025-01-03 22:26:52[23m] [38;5;246mUser signed in successfully: info@btgphysicaltherapy.com[39m[0m[0m[22m[23m[24m[27m[28m[29m[39m[49m
[1m[0mINFO[0m[1m[23m[24m[27m[28m[29m[39m[49m[0m[0m[1m[23m[24m[27m[28m[29m[39m[49m[22m [[3m2025-01-03 22:35:09[23m] [38;5;246mAttempting to sign in user with email: info@btgphysicaltherapy.com[39m[0m[0m[22m[23m[24m[27m[28m[29m[39m[49m
[1m[0mINFO[0m[1m[23m[24m[27m[28m[29m[39m[49m[0m[0m[1m[23m[24m[27m[28m[29m[39m[49m[22m [[3m2025-01-03 22:35:09[23m] [38;5;246mUser signed in successfully: info@btgphysicaltherapy.com[39m[0m[0m[22m[23m[24m[27m[28m[29m[39m[49m
[1m[0mINFO[0m[1m[23m[24m[27m[28m[29m[39m[49m[0m[0m[1m[23m[24m[27m[28m[29m[39m[49m[22m [[3m2025-01-03 22:36:40[23m] [38;5;246mAttempting to sign in user with email: info@btgphysicaltherapy.com[39m[0m[0m[22m[23m[24m[27m[28m[29m[39m[49m
[1m[0mINFO[0m[1m[23m[24m[27m[28m[29m[39m[49m[0m[0m[1m[23m[24m[27m[28m[29m[39m[49m[22m [[3m2025-01-03 22:36:41[23m] [38;5;246mUser signed in successfully: info@btgphysicaltherapy.com[39m[0m[0m[22m[23m[24m[27m[28m[29m[39m[49m
[1m[0mINFO[0m[1m[23m[24m[27m[28m[29m[39m[49m[0m[0m[1m[23m[24m[27m[28m[29m[39m[49m[22m [[3m2025-01-03 22:41:14[23m] [38;5;246mAttempting to sign in user with email: info@btgphysicaltherapy.com[39m[0m[0m[22m[23m[24m[27m[28m[29m[39m[49m
[1m[0mINFO[0m[1m[23m[24m[27m[28m[29m[39m[49m[0m[0m[1m[23m[24m[27m[28m[29m[39m[49m[22m [[3m2025-01-03 22:41:15[23m] [38;5;246mUser signed in successfully: info@btgphysicaltherapy.com[39m[0m[0m[22m[23m[24m[27m[28m[29m[39m[49m
[1m[0mINFO[0m[1m[23m[24m[27m[28m[29m[39m[49m[0m[0m[1m[23m[24m[27m[28m[29m[39m[49m[22m [[3m2025-01-03 22:43:40[23m] [38;5;246mAttempting to sign in user with email: info@btgphysicaltherapy.com[39m[0m[0m[22m[23m[24m[27m[28m[29m[39m[49m
[1m[0mINFO[0m[1m[23m[24m[27m[28m[29m[39m[49m[0m[0m[1m[23m[24m[27m[28m[29m[39m[49m[22m [[3m2025-01-03 22:43:40[23m] [38;5;246mUser signed in successfully: info@btgphysicaltherapy.com[39m[0m[0m[22m[23m[24m[27m[28m[29m[39m[49m
[1m[0mINFO[0m[1m[23m[24m[27m[28m[29m[39m[49m[0m[0m[1m[23m[24m[27m[28m[29m[39m[49m[22m [[3m2025-01-03 23:10:31[23m] [38;5;246mAttempting to sign in user with email: info@btgphysicaltherapy.com[39m[0m[0m[22m[23m[24m[27m[28m[29m[39m[49m
[1m[0mINFO[0m[1m[23m[24m[27m[28m[29m[39m[49m[0m[0m[1m[23m[24m[27m[28m[29m[39m[49m[22m [[3m2025-01-03 23:10:32[23m] [38;5;246mUser signed in successfully: info@btgphysicaltherapy.com[39m[0m[0m[22m[23m[24m[27m[28m[29m[39m[49m
[1m[0mINFO[0m[1m[23m[24m[27m[28m[29m[39m[49m[0m[0m[1m[23m[24m[27m[28m[29m[39m[49m[22m [[3m2025-01-03 23:15:07[23m] [38;5;246mAttempting to sign in user with email: info@btgphysicaltherapy.com[39m[0m[0m[22m[23m[24m[27m[28m[29m[39m[49m
[1m[0mINFO[0m[1m[23m[24m[27m[28m[29m[39m[49m[0m[0m[1m[23m[24m[27m[28m[29m[39m[49m[22m [[3m2025-01-03 23:15:08[23m] [38;5;246mUser signed in successfully: info@btgphysicaltherapy.com[39m[0m[0m[22m[23m[24m[27m[28m[29m[39m[49m
[1m[0mINFO[0m[1m[23m[24m[27m[28m[29m[39m[49m[0m[0m[1m[23m[24m[27m[28m[29m[39m[49m[22m [[3m2025-01-03 23:17:51[23m] [38;5;246mAttempting to sign in user with email: info@btgphysicaltherapy.com[39m[0m[0m[22m[23m[24m[27m[28m[29m[39m[49m
[1m[0mINFO[0m[1m[23m[24m[27m[28m[29m[39m[49m[0m[0m[1m[23m[24m[27m[28m[29m[39m[49m[22m [[3m2025-01-03 23:17:51[23m] [38;5;246mUser signed in successfully: info@btgphysicaltherapy.com[39m[0m[0m[22m[23m[24m[27m[28m[29m[39m[49m
[1m[0mINFO[0m[1m[23m[24m[27m[28m[29m[39m[49m[0m[0m[1m[23m[24m[27m[28m[29m[39m[49m[22m [[3m2025-01-03 23:18:53[23m] [38;5;246mAttempting to sign in user with email: info@btgphysicaltherapy.com[39m[0m[0m[22m[23m[24m[27m[28m[29m[39m[49m
[1m[0mINFO[0m[1m[23m[24m[27m[28m[29m[39m[49m[0m[0m[1m[23m[24m[27m[28m[29m[39m[49m[22m [[3m2025-01-03 23:18:54[23m] [38;5;246mUser signed in successfully: info@btgphysicaltherapy.com[39m[0m[0m[22m[23m[24m[27m[28m[29m[39m[49m
[1m[0mINFO[0m[1m[23m[24m[27m[28m[29m[39m[49m[0m[0m[1m[23m[24m[27m[28m[29m[39m[49m[22m [[3m2025-01-03 23:30:50[23m] [38;5;246mAttempting to sign in user with email: info@btgphysicaltherapy.com[39m[0m[0m[22m[23m[24m[27m[28m[29m[39m[49m
[1m[0mINFO[0m[1m[23m[24m[27m[28m[29m[39m[49m[0m[0m[1m[23m[24m[27m[28m[29m[39m[49m[22m [[3m2025-01-03 23:30:51[23m] [38;5;246mUser signed in successfully: info@btgphysicaltherapy.com[39m[0m[0m[22m[23m[24m[27m[28m[29m[39m[49m
[1m[0mINFO[0m[1m[23m[24m[27m[28m[29m[39m[49m[0m[0m[1m[23m[24m[27m[28m[29m[39m[49m[22m [[3m2025-01-03 23:33:08[23m] [38;5;246mAttempting to sign in user with email: info@btgphysicaltherapy.com[39m[0m[0m[22m[23m[24m[27m[28m[29m[39m[49m
[1m[0mINFO[0m[1m[23m[24m[27m[28m[29m[39m[49m[0m[0m[1m[23m[24m[27m[28m[29m[39m[49m[22m [[3m2025-01-03 23:33:08[23m] [38;5;246mUser signed in successfully: info@btgphysicaltherapy.com[39m[0m[0m[22m[23m[24m[27m[28m[29m[39m[49m
[1m[0mINFO[0m[1m[23m[24m[27m[28m[29m[39m[49m[0m[0m[1m[23m[24m[27m[28m[29m[39m[49m[22m [[3m2025-01-04 00:15:12[23m] [38;5;246mAttempting to sign in user with email: test@tester.com[39m[0m[0m[22m[23m[24m[27m[28m[29m[39m[49m
[1m[0mINFO[0m[1m[23m[24m[27m[28m[29m[39m[49m[0m[0m[1m[23m[24m[27m[28m[29m[39m[49m[22m [[3m2025-01-04 00:15:12[23m] [38;5;246mUser signed in successfully: test@tester.com[39m[0m[0m[22m[23m[24m[27m[28m[29m[39m[49m
[1m[0mINFO[0m[1m[23m[24m[27m[28m[29m[39m[49m[0m[0m[1m[23m[24m[27m[28m[29m[39m[49m[22m [[3m2025-01-04 00:20:04[23m] [38;5;246mAttempting to sign in user with email: test@tester.com[39m[0m[0m[22m[23m[24m[27m[28m[29m[39m[49m
[1m[0mINFO[0m[1m[23m[24m[27m[28m[29m[39m[49m[0m[0m[1m[23m[24m[27m[28m[29m[39m[49m[22m [[3m2025-01-04 00:20:04[23m] [38;5;246mUser signed in successfully: test@tester.com[39m[0m[0m[22m[23m[24m[27m[28m[29m[39m[49m
